0 info it worked if it ends with ok
1 verbose cli [ 'node', '/usr/local/bin/npm', 'install', 'grunt', '-g' ]
2 info using npm@1.2.32
3 info using node@v0.10.12
4 error SyntaxError: Unexpected end of input
4 error     at Object.parse (native)
4 error     at /usr/local/lib/node_modules/npm/node_modules/uid-number/uid-number.js:38:18
4 error     at ChildProcess.exithandler (child_process.js:641:7)
4 error     at ChildProcess.EventEmitter.emit (events.js:98:17)
4 error     at maybeClose (child_process.js:735:16)
4 error     at Socket.<anonymous> (child_process.js:948:11)
4 error     at Socket.EventEmitter.emit (events.js:95:17)
4 error     at Pipe.close (net.js:466:12)
5 error If you need help, you may report this log at:
5 error     <http://github.com/isaacs/npm/issues>
5 error or email it to:
5 error     <npm-@googlegroups.com>
6 error System Darwin 9.8.0
7 error command "node" "/usr/local/bin/npm" "install" "grunt" "-g"
8 error cwd /Users/Justina/Desktop/jin/morning/jinentertainment.github.io
9 error node -v v0.10.12
10 error npm -v 1.2.32
11 error type unexpected_eos
12 verbose exit [ 1, true ]
